
Xvnc TigerVNC 1.15.0 - built Mar  4 2025 13:49:08
Copyright (C) 1999-2025 TigerVNC team and many others (see README.rst)
See https://www.tigervnc.org for information on TigerVNC.
Underlying X server release 12101016

Built without GBM support
Failed to initialize DRI3 extension
Sync Extension 3.1

Tue Sep 30 18:54:10 2025
 vncext:      VNC extension running!
 vncext:      Listening for VNC connections on all interface(s), port 5999
 vncext:      Created VNC server for screen 0
[dix] Could not init font path element /data/data/com.termux/files/usr/share/fonts/TTF/, removing from list!
[dix] Could not init font path element /data/data/com.termux/files/usr/share/fonts/OTF/, removing from list!
[dix] Could not init font path element /data/data/com.termux/files/usr/share/fonts/Type1/, removing from list!
Popen: `"/data/data/com.termux/files/usr/bin/xkbcomp" -w 1 "-R/data/data/com.termux/files/usr/share/X11/xkb" -xkm "-" -em1 "The XKEYBOARD keymap compiler (xkbcomp) reports:" -emp "> " -eml "Errors from xkbcomp are not fatal to the X server" "/data/data/com.termux/files/usr/tmp/server-99.xkm"', fp = 0xb4000077c0a27888
Pclose: fp = 0xb4000077c0a27888
The XKEYBOARD keymap compiler (xkbcomp) reports:
> Warning:          Could not resolve keysym XF86RefreshRateToggle
> Warning:          Could not resolve keysym XF86Accessibility
> Warning:          Could not resolve keysym XF86DoNotDisturb
Errors from xkbcomp are not fatal to the X server
Loaded XKB keymap /data/data/com.termux/files/usr/tmp/server-99.xkm, defined=0x7f
client(0): Reserved pid(6121).
client(0): Reserved cmdname(/data/data/com.termux/files/usr/bin/Xvnc) and cmdargs(:99 -auth /root/.Xauthority -depth 24 -desktop localhost:99 (root) -geometry 1280x720 -rfbauth /root/.vnc/passwd -rfbport 5999).
[mi] mieq: warning: overriding existing handler 0x0 with 0x3000203350 for event 2
[mi] mieq: warning: overriding existing handler 0x0 with 0x3000203350 for event 3
/root/.vnc/xstartup: 7: aterm: not found
/root/.vnc/xstartup: 11: twm: not found

Tue Sep 30 18:54:23 2025
 Connections: Accepted: 127.0.0.1::35622
 SConnection: Client needs protocol version 3.8
 SConnection: Client requests security type VncAuth(2)

Tue Sep 30 18:54:24 2025
 VNCSConnST:  Server default pixel format depth 24 (32bpp) little-endian rgb888
 VNCSConnST:  Client pixel format depth 6 (8bpp) rgb222

Tue Sep 30 18:55:33 2025
 VNCSConnST:  Closing 127.0.0.1::35622: Server shutdown
 EncodeManager: Framebuffer updates: 3
 EncodeManager:   RRE:
 EncodeManager:     Solid: 16 rects, 938.24 kpixels
 EncodeManager:            272 B (1:3450.12 ratio)
 EncodeManager:   Total: 16 rects, 938.24 kpixels
 EncodeManager:          272 B (1:3450.12 ratio)
 ComparingUpdateTracker: 0 pixels in / 0 pixels out
 ComparingUpdateTracker: (1:nan ratio)
(dix) removing device 2
(dix) removing device 3
(dix) removing device 5
(dix) removing device 4
(dix) removing device 7
(dix) removing device 6
client(0): Released pid(6121).
client(0): Released cmdline(/data/data/com.termux/files/usr/bin/Xvnc) and cmdargs(:99 -auth /root/.Xauthority -depth 24 -desktop localhost:99 (root) -geometry 1280x720 -rfbauth /root/.vnc/passwd -rfbport 5999).
