
Xvnc TigerVNC 1.15.0 - built Mar  4 2025 13:49:08
Copyright (C) 1999-2025 TigerVNC team and many others (see README.rst)
See https://www.tigervnc.org for information on TigerVNC.
Underlying X server release 12101016

Unrecognized option: -kill:99
use: X [:<display>] [option]
-a #                   default pointer acceleration (factor)
-ac                    disable access control restrictions
-audit int             set audit trail level
-auth file             select authorization file
-br                    create root window with black background
+bs                    enable any backing store support
-bs                    disable any backing store support
+byteswappedclients    Allow clients with endianess different to that of the server
-byteswappedclients    Prohibit clients with endianess different to that of the server
-c                     turns off key-click
c #                    key-click volume (0-100)
-cc int                default color visual class
-nocursor              disable the cursor
-core                  generate core dump on fatal error
-displayfd fd          file descriptor to write display number to when ready to connect
-dpi int               screen resolution in dots per inch
-dpms                  disables VESA DPMS monitor control
-deferglyphs [none|all|16] defer loading of [no|all|16-bit] glyphs
-f #                   bell base (0-100)
-fakescreenfps #       fake screen default fps (1-600)
-fp string             default font path
-help                  prints message with these options
+iglx                  Allow creating indirect GLX contexts
-iglx                  Prohibit creating indirect GLX contexts (default)
-I                     ignore all remaining arguments
-ld int                limit data space to N Kb
-lf int                limit number of open files to N
-ls int                limit stack space to N Kb
-nolock                disable the locking mechanism
-maxclients n          set maximum number of clients (power of two)
-nolisten string       don't listen on protocol
-listen string         listen on protocol
-noreset               don't reset after last client exists
-background [none]     create root window with no background
-reset                 reset after last client exists
-p #                   screen-saver pattern duration (minutes)
-pn                    accept failure to listen on all ports
-nopn                  reject failure to listen on all ports
-r                     turns off auto-repeat
r                      turns on auto-repeat 
-render [default|mono|gray|color] set render color alloc policy
-retro                 start with classic stipple and cursor
-s #                   screen-saver timeout (minutes)
-seat string           seat to run on
-t #                   default pointer threshold (pixels/t)
-terminate [delay]     terminate at server reset (optional delay in sec)
-tst                   disable testing extensions
ttyxx                  server started from init on /dev/ttyxx
v                      video blanking for screen-saver
-v                     screen-saver without video blanking
-wr                    create root window with white background
-maxbigreqsize         set maximal bigrequest size 
+xinerama              Enable XINERAMA extension
-xinerama              Disable XINERAMA extension
-dumbSched             Disable smart scheduling and threaded input, enable old behavior
-schedInterval int     Set scheduler interval in msec
-sigstop               Enable SIGSTOP based startup
+extension name        Enable extension
-extension name        Disable extension
 Only the following extensions can be run-time enabled/disabled:
	Generic Event Extension
	MIT-SHM
	XTEST
	SECURITY
	XINERAMA
	XFIXES
	XFree86-Bigfont
	RENDER
	RANDR
	COMPOSITE
	DAMAGE
	MIT-SCREEN-SAVER
	DOUBLE-BUFFER
	RECORD
	DPMS
	X-Resource
	XVideo
	XVideo-MotionCompensation
	GLX
-query host-name       contact named host for XDMCP
-broadcast             broadcast for XDMCP
-multicast [addr [hops]] IPv6 multicast for XDMCP
-indirect host-name    contact named host for indirect XDMCP
-port port-num         UDP port number to send messages to
-from local-address    specify the local address to connect from
-once                  Terminate server after one session
-class display-class   specify display class to send in manage
-cookie xdm-auth-bits  specify the magic cookie for XDMCP
-displayID display-id  manufacturer display ID for request
[+-]accessx [ timeout [ timeout_mask [ feedback [ options_mask] ] ] ]
                       enable/disable accessx key sequences
-ardelay               set XKB autorepeat delay
-arinterval            set XKB autorepeat interval
-pixdepths list-of-int support given pixmap depths
+/-render		   turn on/off RENDER extension support(default on)
-geometry WxH          set screen 0's width, height
-depth D               set screen 0's depth
-pixelformat fmt       set pixel format (rgbNNN or bgrNNN)
-inetd                 has been launched from inetd
-noclipboard           disable clipboard settings modification via vncconfig utility
-rendernode PATH       DRM render node to use for DRI3
-verbose [n]           verbose startup messages
-quiet                 minimal startup messages
-version               show the server version

VNC parameters:

Parameters can be turned on with -<param> or off with -<param>=0
Parameters which take a value can be specified as -<param> <value>
Other valid forms are <param>=<value> -<param>=<value> --<param>=<value>
Parameter names are case-insensitive.  The parameters are:

  AcceptCutText  - Accept clipboard updates from clients. (default=on)
  AcceptKeyEvents - Accept key press and release events from clients.
                   (default=on)
  AcceptPointerEvents - Accept pointer movement and button events from clients.
                   (default=on)
  AcceptSetDesktopSize - Accept set desktop size events from clients.
                   (default=on)
  AllowOverride  - Comma separated list of parameters that can be modified
                   using VNC extension.
                   (default=desktop,AcceptPointerEvents,SendCutText,AcceptCutText,SendPrimary,SetPrimary)
  AlwaysShared   - Always treat incoming connections as shared, regardless of
                   the client-specified setting (default=off)
  AvoidShiftNumLock - Avoid fake Shift presses for keys affected by NumLock.
                   (default=on)
  BlacklistThreshold - The number of unauthenticated connection attempts
                   allowed from any individual host before that host is
                   black-listed (default=5)
  BlacklistTimeout - The initial timeout applied when a host is first
                   black-listed. The host cannot re-attempt a connection until
                   the timeout expires. (default=10)
  CompareFB      - Perform pixel comparison on framebuffer to reduce
                   unnecessary updates (0: never, 1: always, 2: auto)
                   (default=2)
  desktop        - Name of VNC desktop (default=root@localhost)
  DisconnectClients - Disconnect existing clients if an incoming connection is
                   non-shared. If combined with NeverShared then new
                   connections will be refused while there is a client active
                   (default=on)
  FrameRate      - The maximum number of updates per second sent to each client
                   (default=60)
  GnuTLSPriority - GnuTLS priority string that controls the TLS session’s
                   handshake algorithms
  IdleTimeout    - The number of seconds after which an idle VNC connection
                   will be dropped (zero means no timeout) (default=0)
  ImprovedHextile - Use improved compression algorithm for Hextile encoding
                   which achieves better compression ratios by the cost of
                   using more CPU time (default=on)
  interface      - Listen on the specified network address (default=all)
  localhost      - Only allow connections from localhost (default=off)
  Log            - Specifies which log output should be directed to which
                   target logger, and the level of output to log. Format is
                   <log>:<target>:<level>[, ...].
  MaxConnectionTime - Terminate when a client has been connected for s seconds
                   (default=0)
  MaxCutText     - Maximum permitted length of an incoming clipboard update
                   (default=262144)
  MaxDisconnectionTime - Terminate when no client has been connected for s
                   seconds (default=0)
  MaxIdleTime    - Terminate after s seconds of user inactivity (default=0)
  NeverShared    - Never treat incoming connections as shared, regardless of
                   the client-specified setting (default=off)
  Password       - Obfuscated binary encoding of the password which clients
                   must supply to access the server
  PasswordFile   - Password file for VNC authentication
  PlainUsers     - Users permitted to access via Plain security type (including
                   TLSPlain, X509Plain etc.) or RSA-AES security types (RA2,
                   RA2ne, RA2_256, RA2ne_256)
  Protocol3.3    - Always use protocol version 3.3 for backwards compatibility
                   with badly-behaved clients (default=off)
  QueryConnect   - Prompt the local user to accept or reject incoming
                   connections. (default=off)
  QueryConnectTimeout - Number of seconds to show the Accept connection dialog
                   before rejecting the connection (default=10)
  RawKeyboard    - Send keyboard events straight through and avoid mapping them
                   to the current keyboard layout (default=off)
  RemapKeys      - Comma-separated list of incoming keysyms to remap.  Mappings
                   are expressed as two hex values, prefixed by 0x, and
                   separated by ->
  RequireUsername - Require username for the RSA-AES security types
                   (default=off)
  rfbauth        - Alias for PasswordFile
  rfbport        - TCP port to listen for RFB protocol (default=0)
  rfbunixmode    - Unix socket access mode (default=384)
  rfbunixpath    - Unix socket to listen for RFB protocol
  RSAKey         - Path to the RSA key for the RSA-AES security types in PEM
                   format
  SecurityTypes  - Specify which security scheme to use (None, VncAuth, Plain,
                   TLSNone, TLSVnc, TLSPlain, X509None, X509Vnc, X509Plain,
                   RA2, RA2ne, RA2_256, RA2ne_256) (default=TLSVnc,VncAuth)
  SendCutText    - Send clipboard changes to clients. (default=on)
  SendPrimary    - Send the PRIMARY as well as the CLIPBOARD selection
                   (default=on)
  SetPrimary     - Set the PRIMARY as well as the CLIPBOARD selection
                   (default=on)
  UseBlacklist   - Temporarily reject connections from a host if it repeatedly
                   fails to authenticate. (default=on)
  UseIPv4        - Use IPv4 for incoming and outgoing connections. (default=on)
  UseIPv6        - Use IPv6 for incoming and outgoing connections. (default=on)
  X509Cert       - Path to the X509 certificate in PEM format
  X509Key        - Path to the key of the X509 certificate in PEM format
  ZlibLevel      - [DEPRECATED] Zlib compression level (default=-1)
(EE) 
Fatal server error:
(EE) Unrecognized option: -kill:99
(EE) 
